2025-10-06T07:27:06.708Z  INFO 1 --- [Job Portal] [main] com.jobportal.JobPortalApplication       : Starting JobPortalApplication v0.0.1-SNAPSHOT using Java 21 with PID 1 (/app/app.jar started by root in /app)
2025-10-06T07:27:06.737Z  INFO 1 --- [Job Portal] [main] com.jobportal.JobPortalApplication       : The following 1 profile is active: "docker"
2025-10-06T07:27:08.386Z  INFO 1 --- [Job Portal] [main] .s.d.r.c.RepositoryConfigurationDelegate : Bootstrapping Spring Data JPA repositories in DEFAULT mode.
2025-10-06T07:27:08.497Z  INFO 1 --- [Job Portal] [main] .s.d.r.c.RepositoryConfigurationDelegate : Finished Spring Data repository scanning in 96 ms. Found 5 JPA repository interfaces.
2025-10-06T07:27:09.702Z  INFO 1 --- [Job Portal] [main] o.s.b.w.embedded.tomcat.TomcatWebServer  : Tomcat initialized with port 8080 (http)
2025-10-06T07:27:09.737Z  INFO 1 --- [Job Portal] [main] o.apache.catalina.core.StandardService   : Starting service [Tomcat]
2025-10-06T07:27:09.739Z  INFO 1 --- [Job Portal] [main] o.apache.catalina.core.StandardEngine    : Starting Servlet engine: [Apache Tomcat/10.1.46]
2025-10-06T07:27:09.792Z  INFO 1 --- [Job Portal] [main] o.a.c.c.C.[Tomcat].[localhost].[/]       : Initializing Spring embedded WebApplicationContext
2025-10-06T07:27:09.793Z  INFO 1 --- [Job Portal] [main] w.s.c.ServletWebServerApplicationContext : Root WebApplicationContext: initialization completed in 2950 ms
2025-10-06T07:27:10.119Z  INFO 1 --- [Job Portal] [main] o.hibernate.jpa.internal.util.LogHelper  : HHH000204: Processing PersistenceUnitInfo [name: default]
2025-10-06T07:27:10.288Z  INFO 1 --- [Job Portal] [main] org.hibernate.Version                    : HHH000412: Hibernate ORM core version 6.6.29.Final
2025-10-06T07:27:10.402Z  INFO 1 --- [Job Portal] [main] o.h.c.internal.RegionFactoryInitiator    : HHH000026: Second-level cache disabled
2025-10-06T07:27:11.065Z  INFO 1 --- [Job Portal] [main] o.s.o.j.p.SpringPersistenceUnitInfo      : No LoadTimeWeaver setup: ignoring JPA class transformer
2025-10-06T07:27:11.101Z  INFO 1 --- [Job Portal] [main] com.zaxxer.hikari.HikariDataSource       : HikariPool-1 - Starting...
2025-10-06T07:27:11.686Z  INFO 1 --- [Job Portal] [main] com.zaxxer.hikari.pool.HikariPool        : HikariPool-1 - Added connection com.mysql.cj.jdbc.ConnectionImpl@2b2b7e3c
2025-10-06T07:27:11.693Z  INFO 1 --- [Job Portal] [main] com.zaxxer.hikari.HikariDataSource       : HikariPool-1 - Start completed.
2025-10-06T07:27:11.852Z  INFO 1 --- [Job Portal] [main] org.hibernate.orm.connections.pooling    : HHH10001005: Database info:
	Database JDBC URL [Connecting through datasource 'HikariDataSource (HikariPool-1)']
	Database driver: undefined/unknown
	Database version: 8.0.43
	Autocommit mode: undefined/unknown
	Isolation level: undefined/unknown
	Minimum pool size: undefined/unknown
	Maximum pool size: undefined/unknown
2025-10-06T07:27:13.200Z  INFO 1 --- [Job Portal] [main] o.h.e.t.j.p.i.JtaPlatformInitiator       : HHH000489: No JTA platform available (set 'hibernate.transaction.jta.platform' to enable JTA platform integration)
2025-10-06T07:27:13.364Z  INFO 1 --- [Job Portal] [main] j.LocalContainerEntityManagerFactoryBean : Initialized JPA EntityManagerFactory for persistence unit 'default'
2025-10-06T07:27:13.850Z  INFO 1 --- [Job Portal] [main] o.s.d.j.r.query.QueryEnhancerFactory     : Hibernate is in classpath; If applicable, HQL parser will be used.
2025-10-06T07:27:15.573Z  INFO 1 --- [Job Portal] [main] eAuthenticationProviderManagerConfigurer : Global AuthenticationManager configured with AuthenticationProvider bean with name daoAuthProvider
2025-10-06T07:27:15.577Z  WARN 1 --- [Job Portal] [main] r$InitializeUserDetailsManagerConfigurer : Global AuthenticationManager configured with an AuthenticationProvider bean. UserDetailsService beans will not be used by Spring Security for automatically configuring username/password login. Consider removing the AuthenticationProvider bean. Alternatively, consider using the UserDetailsService in a manually instantiated DaoAuthenticationProvider. If the current configuration is intentional, to turn off this warning, increase the logging level of 'org.springframework.security.config.annotation.authentication.configuration.InitializeUserDetailsBeanManagerConfigurer' to ERROR
2025-10-06T07:27:16.296Z  INFO 1 --- [Job Portal] [main] o.s.b.w.embedded.tomcat.TomcatWebServer  : Tomcat started on port 8080 (http) with context path '/'
2025-10-06T07:27:16.346Z  INFO 1 --- [Job Portal] [main] com.jobportal.JobPortalApplication       : Started JobPortalApplication in 10.616 seconds (process running for 12.13)
2025-10-06T07:27:55.467Z  INFO 1 --- [Job Portal] [SpringApplicationShutdownHook] o.s.b.w.e.tomcat.GracefulShutdown        : Commencing graceful shutdown. Waiting for active requests to complete
2025-10-06T07:27:55.472Z  INFO 1 --- [Job Portal] [tomcat-shutdown] o.s.b.w.e.tomcat.GracefulShutdown        : Graceful shutdown complete
2025-10-06T07:27:55.480Z  INFO 1 --- [Job Portal] [SpringApplicationShutdownHook] j.LocalContainerEntityManagerFactoryBean : Closing JPA EntityManagerFactory for persistence unit 'default'
2025-10-06T07:27:55.487Z  INFO 1 --- [Job Portal] [SpringApplicationShutdownHook] com.zaxxer.hikari.HikariDataSource       : HikariPool-1 - Shutdown initiated...
2025-10-06T07:27:55.499Z  INFO 1 --- [Job Portal] [SpringApplicationShutdownHook] com.zaxxer.hikari.HikariDataSource       : HikariPool-1 - Shutdown completed.
